1721252226347:help
1721252235805:asdad
1721253697037:login
1721253698626:help
1721253719503:hello
1721253913318:hi
1721254053181:help
1721255624222:register
1721255653399:register test 1234 test@gmail.com
1721258412168:register test 1234 gmail.com
1721258520239:register test2 1234 gmail.com
1721258555348:register test 1234 gmail.com
1721258666531:register test2 1234 gmail.com
1721427308823:help
1721427586299:register test gmail 1234
1721427809941:register user gmail 1234;
1721427862081:test gmail 1234
1721427867640:register test gmail 1234
1721427884686:login test 1234
1721428373944:login user 1234
1721428489591:login test 1234
1721428504184:stacktrace
1721428609240:login test 1234
1721428921122:logout test
1721428940075:login test 123
1721428942770:login test 1234
1721428983301:logout 1231
1721428994836:logout test
1721430125768:login test 1234
1721431092108:logout
1721431099274:login test
1721431102526:login test 123
1721431109519:login test 1234
1721431137283:logout
1721431145175:login user 1234;
1721431148950:login test 1234
1721431151269:logout
1721431154495:login test 1234
1721431251836:logout test
1721431256225:login test 1234
1721431257455:login
1721431260279:login test
1721431263188:login test 1234
1721431269741:help
1721431373190:register test 1234
1721431506614:register 1
1721431510865:register
